mode: set
github.com/WojtekTomaszewski/toolkit/tools.go:23.44,26.19 2 1
github.com/WojtekTomaszewski/toolkit/tools.go:32.2,32.18 1 1
github.com/WojtekTomaszewski/toolkit/tools.go:26.19,30.3 3 1
github.com/WojtekTomaszewski/toolkit/tools.go:43.105,45.21 2 1
github.com/WojtekTomaszewski/toolkit/tools.go:49.2,50.16 2 1
github.com/WojtekTomaszewski/toolkit/tools.go:54.2,54.22 1 1
github.com/WojtekTomaszewski/toolkit/tools.go:45.21,47.3 1 1
github.com/WojtekTomaszewski/toolkit/tools.go:50.16,52.3 1 0
github.com/WojtekTomaszewski/toolkit/tools.go:58.105,60.21 2 1
github.com/WojtekTomaszewski/toolkit/tools.go:64.2,66.24 2 1
github.com/WojtekTomaszewski/toolkit/tools.go:70.2,71.16 2 1
github.com/WojtekTomaszewski/toolkit/tools.go:75.2,76.16 2 1
github.com/WojtekTomaszewski/toolkit/tools.go:80.2,80.48 1 1
github.com/WojtekTomaszewski/toolkit/tools.go:151.2,151.27 1 1
github.com/WojtekTomaszewski/toolkit/tools.go:60.21,62.3 1 1
github.com/WojtekTomaszewski/toolkit/tools.go:66.24,68.3 1 1
github.com/WojtekTomaszewski/toolkit/tools.go:71.16,73.3 1 0
github.com/WojtekTomaszewski/toolkit/tools.go:76.16,78.3 1 0
github.com/WojtekTomaszewski/toolkit/tools.go:80.48,81.32 1 1
github.com/WojtekTomaszewski/toolkit/tools.go:81.32,82.86 1 1
github.com/WojtekTomaszewski/toolkit/tools.go:145.4,145.18 1 1
github.com/WojtekTomaszewski/toolkit/tools.go:82.86,85.19 3 1
github.com/WojtekTomaszewski/toolkit/tools.go:88.5,92.19 4 1
github.com/WojtekTomaszewski/toolkit/tools.go:96.5,99.36 3 1
github.com/WojtekTomaszewski/toolkit/tools.go:109.5,109.17 1 1
github.com/WojtekTomaszewski/toolkit/tools.go:113.5,114.19 2 1
github.com/WojtekTomaszewski/toolkit/tools.go:118.5,118.19 1 1
github.com/WojtekTomaszewski/toolkit/tools.go:124.5,129.98 4 1
github.com/WojtekTomaszewski/toolkit/tools.go:139.5,141.30 2 1
github.com/WojtekTomaszewski/toolkit/tools.go:85.19,87.6 1 0
github.com/WojtekTomaszewski/toolkit/tools.go:92.19,94.6 1 0
github.com/WojtekTomaszewski/toolkit/tools.go:99.36,100.43 1 1
github.com/WojtekTomaszewski/toolkit/tools.go:100.43,101.41 1 1
github.com/WojtekTomaszewski/toolkit/tools.go:101.41,103.8 1 1
github.com/WojtekTomaszewski/toolkit/tools.go:105.11,107.6 1 1
github.com/WojtekTomaszewski/toolkit/tools.go:109.17,111.6 1 1
github.com/WojtekTomaszewski/toolkit/tools.go:114.19,116.6 1 0
github.com/WojtekTomaszewski/toolkit/tools.go:118.19,120.6 1 1
github.com/WojtekTomaszewski/toolkit/tools.go:120.11,122.6 1 1
github.com/WojtekTomaszewski/toolkit/tools.go:129.98,131.6 1 0
github.com/WojtekTomaszewski/toolkit/tools.go:131.11,133.20 2 1
github.com/WojtekTomaszewski/toolkit/tools.go:136.6,136.38 1 1
github.com/WojtekTomaszewski/toolkit/tools.go:133.20,135.7 1 0
github.com/WojtekTomaszewski/toolkit/tools.go:145.18,147.5 1 1
github.com/WojtekTomaszewski/toolkit/tools.go:155.56,158.49 2 1
github.com/WojtekTomaszewski/toolkit/tools.go:165.2,165.12 1 1
github.com/WojtekTomaszewski/toolkit/tools.go:158.49,160.17 2 1
github.com/WojtekTomaszewski/toolkit/tools.go:160.17,162.4 1 0
